Traceback (most recent call last):
  File "/home/wascal/anaconda3/lib/python3.8/site-packages/jupyter_cache/executors/utils.py", line 51, in single_nb_execution
    executenb(
  File "/home/wascal/anaconda3/lib/python3.8/site-packages/nbclient/client.py", line 1112, in execute
    return NotebookClient(nb=nb, resources=resources, km=km, **kwargs).execute()
  File "/home/wascal/anaconda3/lib/python3.8/site-packages/nbclient/util.py", line 74, in wrapped
    return just_run(coro(*args, **kwargs))
  File "/home/wascal/anaconda3/lib/python3.8/site-packages/nbclient/util.py", line 53, in just_run
    return loop.run_until_complete(coro)
  File "/home/wascal/anaconda3/lib/python3.8/asyncio/base_events.py", line 616, in run_until_complete
    return future.result()
  File "/home/wascal/anaconda3/lib/python3.8/site-packages/nbclient/client.py", line 553, in async_execute
    await self.async_execute_cell(
  File "/home/wascal/anaconda3/lib/python3.8/site-packages/nbclient/client.py", line 857, in async_execute_cell
    self._check_raise_for_error(cell, exec_reply)
  File "/home/wascal/anaconda3/lib/python3.8/site-packages/nbclient/client.py", line 760, in _check_raise_for_error
    raise CellExecutionError.from_cell_and_msg(cell, exec_reply_content)
nbclient.exceptions.CellExecutionError: An error occurred while executing the following cell:
------------------
import datacube

# dask
import dask
from dask.distributed import Client
from deafrica_tools.dask import create_local_dask_cluster
# plotting
import graphviz
import seaborn as sns

# images
import matplotlib.pyplot as plt
import pandas as pd
from odc.ui import with_ui_cbk
import odc

# vector
import geopandas as gpd
from deafrica_tools.bandindices import calculate_indices

------------------

[0;31m---------------------------------------------------------------------------[0m
[0;31mModuleNotFoundError[0m                       Traceback (most recent call last)
[0;32m<ipython-input-2-7c5e9e928de4>[0m in [0;36m<module>[0;34m[0m
[1;32m      4[0m [0;32mimport[0m [0mdask[0m[0;34m[0m[0;34m[0m[0m
[1;32m      5[0m [0;32mfrom[0m [0mdask[0m[0;34m.[0m[0mdistributed[0m [0;32mimport[0m [0mClient[0m[0;34m[0m[0;34m[0m[0m
[0;32m----> 6[0;31m [0;32mfrom[0m [0mdeafrica_tools[0m[0;34m.[0m[0mdask[0m [0;32mimport[0m [0mcreate_local_dask_cluster[0m[0;34m[0m[0;34m[0m[0m
[0m[1;32m      7[0m [0;31m# plotting[0m[0;34m[0m[0;34m[0m[0;34m[0m[0m
[1;32m      8[0m [0;32mimport[0m [0mgraphviz[0m[0;34m[0m[0;34m[0m[0m

[0;31mModuleNotFoundError[0m: No module named 'deafrica_tools'
ModuleNotFoundError: No module named 'deafrica_tools'

